<?xml version="1.0" encoding="UTF-8"?>
<!-- Generated by org.testng.reporters.JUnitReportReporter -->
<testsuite hostname="DESKTOP-A4LH0IP" failures="0" tests="2" name="cucumberOptions2.TestRunner2" time="21.934" errors="0" timestamp="2022-06-03T21:44:11 CEST" skipped="0">
  <testcase classname="cucumberOptions2.TestRunner2" name="runScenario" time="10.495"/>
  <system-out/>
  <testcase classname="cucumberOptions2.TestRunner2" name="runScenario" time="11.439"/>
  <system-out/>
</testsuite> <!-- cucumberOptions2.TestRunner2 -->
