<?xml version="1.0" encoding="UTF-8"?>
<!-- Generated by org.testng.reporters.JUnitReportReporter -->
<testsuite hostname="DESKTOP-A4LH0IP" failures="0" tests="2" name="cucumberOptions.TestRunner" time="0.079" errors="0" timestamp="2022-06-02T20:55:58 CEST" skipped="0">
  <testcase classname="cucumberOptions.TestRunner" name="runScenario" time="0.006"/>
  <system-out/>
  <testcase classname="cucumberOptions.TestRunner" name="runScenario" time="0.073"/>
  <system-out/>
</testsuite> <!-- cucumberOptions.TestRunner -->
